{
  "stats": {
    "suites": 1,
    "tests": 2,
    "passes": 2,
    "pending": 0,
    "failures": 0,
    "start": "2023-01-01T12:23:55.898Z",
    "end": "2023-01-01T12:23:57.139Z",
    "duration": 1241,
    "testsRegistered": 2,
    "passPercent": 100,
    "pendingPercent": 0,
    "other": 0,
    "hasOther": false,
    "skipped": 0,
    "hasSkipped": false
  },
  "results": [
    {
      "uuid": "baaf83bd-1f5b-424c-b32e-5f7fde605bac",
      "title": "",
      "fullFile": "C:\\myskill\\Automation-API-with-Javascript\\test\\api\\chaiAssert.js",
      "file": "\\test\\api\\chaiAssert.js",
      "beforeHooks": [],
      "afterHooks": [],
      "tests": [],
      "suites": [
        {
          "uuid": "f5ad06f3-034e-4e18-8a78-b3804704cd5e",
          "title": "Post Request Example",
          "fullFile": "C:\\myskill\\Automation-API-with-Javascript\\test\\api\\chaiAssert.js",
          "file": "\\test\\api\\chaiAssert.js",
          "beforeHooks": [],
          "afterHooks": [],
          "tests": [
            {
              "title": "response status equal to 200",
              "fullTitle": "Post Request Example response status equal to 200",
              "timedOut": false,
              "duration": 1232,
              "state": "passed",
              "speed": "slow",
              "pass": true,
              "fail": false,
              "pending": false,
              "context": null,
              "code": "//check response tatus harus sama dengan 200\nexpect((await response).status).to.equal(200);",
              "err": {},
              "uuid": "f72fa958-0f39-46ab-9470-c215cf482133",
              "parentUUID": "f5ad06f3-034e-4e18-8a78-b3804704cd5e",
              "isHook": false,
              "skipped": false
            },
            {
              "title": "response body to haveOwnProperty",
              "fullTitle": "Post Request Example response body to haveOwnProperty",
              "timedOut": false,
              "duration": 1,
              "state": "passed",
              "speed": "fast",
              "pass": true,
              "fail": false,
              "pending": false,
              "context": null,
              "code": "//expect dalam body response terdapat value 'message'\nexpect((await response).body).to.haveOwnProperty(\"message\");",
              "err": {},
              "uuid": "fb472557-f5e4-4406-8def-e753f3e78068",
              "parentUUID": "f5ad06f3-034e-4e18-8a78-b3804704cd5e",
              "isHook": false,
              "skipped": false
            }
          ],
          "suites": [],
          "passes": [
            "f72fa958-0f39-46ab-9470-c215cf482133",
            "fb472557-f5e4-4406-8def-e753f3e78068"
          ],
          "failures": [],
          "pending": [],
          "skipped": [],
          "duration": 1233,
          "root": false,
          "rootEmpty": false,
          "_timeout": 2000
        }
      ],
      "passes": [],
      "failures": [],
      "pending": [],
      "skipped": [],
      "duration": 0,
      "root": true,
      "rootEmpty": true,
      "_timeout": 2000
    }
  ],
  "meta": {
    "mocha": {
      "version": "10.2.0"
    },
    "mochawesome": {
      "options": {
        "quiet": false,
        "reportFilename": "mochawesome",
        "saveHtml": true,
        "saveJson": true,
        "consoleReporter": "spec",
        "useInlineDiffs": false,
        "code": true
      },
      "version": "7.1.3"
    },
    "marge": {
      "options": null,
      "version": "6.2.0"
    }
  }
}